f:\programming\c++ projects\wallet-system\x64\debug\vc143.pdb
f:\programming\c++ projects\wallet-system\x64\debug\vc143.idb
f:\programming\c++ projects\wallet-system\x64\debug\user.obj
f:\programming\c++ projects\wallet-system\x64\debug\transaction.obj
f:\programming\c++ projects\wallet-system\x64\debug\time.obj
f:\programming\c++ projects\wallet-system\x64\debug\stringfunctions.obj
f:\programming\c++ projects\wallet-system\x64\debug\source.obj
f:\programming\c++ projects\wallet-system\x64\debug\request.obj
f:\programming\c++ projects\wallet-system\x64\debug\system.obj
f:\programming\c++ projects\wallet-system\x64\debug\date.obj
f:\programming\c++ projects\wallet-system\x64\debug\admin.obj
f:\programming\c++ projects\wallet-system\x64\debug\customexceptions.obj
f:\programming\c++ projects\wallet-system\x64\debug\filehandler.obj
f:\programming\c++ projects\wallet-system\x64\debug\mainsys.obj
f:\programming\c++ projects\wallet-system\x64\debug\usernotfoundex.obj
f:\programming\c++ projects\wallet-system\x64\debug\wallet_system.pdb
f:\programming\c++ projects\wallet-system\x64\debug\wallet_system.tlog\cl.command.1.tlog
f:\programming\c++ projects\wallet-system\x64\debug\wallet_system.tlog\cl.read.1.tlog
f:\programming\c++ projects\wallet-system\x64\debug\wallet_system.tlog\cl.write.1.tlog
f:\programming\c++ projects\wallet-system\x64\debug\wallet_system.tlog\link-cvtres.read.1.tlog
f:\programming\c++ projects\wallet-system\x64\debug\wallet_system.tlog\link-cvtres.write.1.tlog
f:\programming\c++ projects\wallet-system\x64\debug\wallet_system.tlog\link-rc.read.1.tlog
f:\programming\c++ projects\wallet-system\x64\debug\wallet_system.tlog\link-rc.write.1.tlog
f:\programming\c++ projects\wallet-system\x64\debug\wallet_system.tlog\link.20332-cvtres.read.1.tlog
f:\programming\c++ projects\wallet-system\x64\debug\wallet_system.tlog\link.20332-cvtres.write.1.tlog
f:\programming\c++ projects\wallet-system\x64\debug\wallet_system.tlog\link.20332-rc.read.1.tlog
f:\programming\c++ projects\wallet-system\x64\debug\wallet_system.tlog\link.20332-rc.write.1.tlog
f:\programming\c++ projects\wallet-system\x64\debug\wallet_system.tlog\link.20332.read.1.tlog
f:\programming\c++ projects\wallet-system\x64\debug\wallet_system.tlog\link.20332.read.3.tlog
f:\programming\c++ projects\wallet-system\x64\debug\wallet_system.tlog\link.20332.write.1.tlog
f:\programming\c++ projects\wallet-system\x64\debug\wallet_system.tlog\link.command.1.tlog
f:\programming\c++ projects\wallet-system\x64\debug\wallet_system.tlog\link.read.1.tlog
f:\programming\c++ projects\wallet-system\x64\debug\wallet_system.tlog\link.read.2.tlog
f:\programming\c++ projects\wallet-system\x64\debug\wallet_system.tlog\link.read.3.tlog
f:\programming\c++ projects\wallet-system\x64\debug\wallet_system.tlog\link.write.1.tlog
